<?xml version="1.0" encoding="UTF-8"?>
<testng-results ignored="0" total="18" passed="17" failed="1" skipped="0">
  <reporter-output>
  </reporter-output>
  <suite started-at="2025-08-01T12:18:04 IST" name="MovieAppTestSuite" finished-at="2025-08-01T12:19:13 IST" duration-ms="68988">
    <groups>
    </groups>
    <test started-at="2025-08-01T12:18:04 IST" name="LoginAndHomePageTest" finished-at="2025-08-01T12:19:13 IST" duration-ms="68988">
      <class name="SearchPageTest">
        <test-method is-config="true" signature="setUp()[pri:0, instance:SearchPageTest@1649b0e6]" started-at="2025-08-01T12:18:04 IST" name="setUp" finished-at="2025-08-01T12:18:29 IST" duration-ms="24728" status="PASS">
          <reporter-output>
          </reporter-output>
        </test-method> <!-- setUp -->
        <test-method signature="SearchFunctionality()[pri:1, instance:SearchPageTest@1649b0e6]" started-at="2025-08-01T12:18:29 IST" name="SearchFunctionality" finished-at="2025-08-01T12:18:51 IST" duration-ms="22061" status="PASS">
          <reporter-output>
          </reporter-output>
        </test-method> <!-- SearchFunctionality -->
        <test-method is-config="true" signature="tearDown()[pri:0, instance:SearchPageTest@1649b0e6]" started-at="2025-08-01T12:18:51 IST" name="tearDown" finished-at="2025-08-01T12:18:52 IST" duration-ms="876" status="PASS">
          <reporter-output>
          </reporter-output>
        </test-method> <!-- tearDown -->
        <test-method is-config="true" signature="setUp()[pri:0, instance:SearchPageTest@1649b0e6]" started-at="2025-08-01T12:18:52 IST" name="setUp" finished-at="2025-08-01T12:18:59 IST" duration-ms="7010" status="PASS">
          <reporter-output>
          </reporter-output>
        </test-method> <!-- setUp -->
        <test-method signature="FailureSearchFunctionality()[pri:2, instance:SearchPageTest@1649b0e6]" started-at="2025-08-01T12:18:59 IST" name="FailureSearchFunctionality" finished-at="2025-08-01T12:19:00 IST" duration-ms="1530" status="PASS">
          <reporter-output>
          </reporter-output>
        </test-method> <!-- FailureSearchFunctionality -->
        <test-method is-config="true" signature="tearDown()[pri:0, instance:SearchPageTest@1649b0e6]" started-at="2025-08-01T12:19:00 IST" name="tearDown" finished-at="2025-08-01T12:19:00 IST" duration-ms="202" status="PASS">
          <reporter-output>
          </reporter-output>
        </test-method> <!-- tearDown -->
      </class> <!-- SearchPageTest -->
      <class name="MovieDetailsPageTest">
        <test-method is-config="true" signature="setUp()[pri:0, instance:MovieDetailsPageTest@865dd6]" started-at="2025-08-01T12:18:04 IST" name="setUp" finished-at="2025-08-01T12:18:29 IST" duration-ms="24693" status="PASS">
          <reporter-output>
          </reporter-output>
        </test-method> <!-- setUp -->
        <test-method signature="TestMovieDetailPage()[pri:0, instance:MovieDetailsPageTest@865dd6]" started-at="2025-08-01T12:18:29 IST" name="TestMovieDetailPage" finished-at="2025-08-01T12:18:29 IST" duration-ms="320" status="PASS">
          <reporter-output>
          </reporter-output>
        </test-method> <!-- TestMovieDetailPage -->
        <test-method is-config="true" signature="TearDown()[pri:0, instance:MovieDetailsPageTest@865dd6]" started-at="2025-08-01T12:18:29 IST" name="TearDown" finished-at="2025-08-01T12:18:34 IST" duration-ms="4816" status="PASS">
          <reporter-output>
          </reporter-output>
        </test-method> <!-- TearDown -->
        <test-method is-config="true" signature="setUp()[pri:0, instance:MovieDetailsPageTest@865dd6]" started-at="2025-08-01T12:18:34 IST" name="setUp" finished-at="2025-08-01T12:18:45 IST" duration-ms="10957" status="PASS">
          <reporter-output>
          </reporter-output>
        </test-method> <!-- setUp -->
        <test-method signature="TestMovieDetailTrending()[pri:1, instance:MovieDetailsPageTest@865dd6]" started-at="2025-08-01T12:18:45 IST" name="TestMovieDetailTrending" finished-at="2025-08-01T12:18:48 IST" duration-ms="3600" status="PASS">
          <reporter-output>
          </reporter-output>
        </test-method> <!-- TestMovieDetailTrending -->
        <test-method is-config="true" signature="TearDown()[pri:0, instance:MovieDetailsPageTest@865dd6]" started-at="2025-08-01T12:18:48 IST" name="TearDown" finished-at="2025-08-01T12:18:51 IST" duration-ms="2191" status="PASS">
          <reporter-output>
          </reporter-output>
        </test-method> <!-- TearDown -->
      </class> <!-- MovieDetailsPageTest -->
      <class name="LogInPageTest">
        <test-method is-config="true" signature="setUp()[pri:0, instance:LogInPageTest@3f56875e]" started-at="2025-08-01T12:18:04 IST" name="setUp" finished-at="2025-08-01T12:18:18 IST" duration-ms="14268" status="PASS">
          <reporter-output>
          </reporter-output>
        </test-method> <!-- setUp -->
        <test-method signature="testLogInPageUI()[pri:0, instance:LogInPageTest@3f56875e]" started-at="2025-08-01T12:18:18 IST" name="testLogInPageUI" finished-at="2025-08-01T12:18:25 IST" duration-ms="6543" status="PASS">
          <reporter-output>
          </reporter-output>
        </test-method> <!-- testLogInPageUI -->
        <test-method is-config="true" signature="tearDown()[pri:0, instance:LogInPageTest@3f56875e]" started-at="2025-08-01T12:18:25 IST" name="tearDown" finished-at="2025-08-01T12:18:34 IST" duration-ms="8807" status="PASS">
          <reporter-output>
          </reporter-output>
        </test-method> <!-- tearDown -->
        <test-method is-config="true" signature="setUp()[pri:0, instance:LogInPageTest@3f56875e]" started-at="2025-08-01T12:18:34 IST" name="setUp" finished-at="2025-08-01T12:18:43 IST" duration-ms="8885" status="PASS">
          <reporter-output>
          </reporter-output>
        </test-method> <!-- setUp -->
        <test-method signature="testLogInPageWithEmptyInputs()[pri:1, instance:LogInPageTest@3f56875e]" started-at="2025-08-01T12:18:43 IST" name="testLogInPageWithEmptyInputs" finished-at="2025-08-01T12:18:47 IST" duration-ms="4648" status="PASS">
          <reporter-output>
          </reporter-output>
        </test-method> <!-- testLogInPageWithEmptyInputs -->
        <test-method is-config="true" signature="tearDown()[pri:0, instance:LogInPageTest@3f56875e]" started-at="2025-08-01T12:18:47 IST" name="tearDown" finished-at="2025-08-01T12:18:51 IST" duration-ms="3213" status="PASS">
          <reporter-output>
          </reporter-output>
        </test-method> <!-- tearDown -->
        <test-method is-config="true" signature="setUp()[pri:0, instance:LogInPageTest@3f56875e]" started-at="2025-08-01T12:18:51 IST" name="setUp" finished-at="2025-08-01T12:18:57 IST" duration-ms="6248" status="PASS">
          <reporter-output>
          </reporter-output>
        </test-method> <!-- setUp -->
        <test-method signature="testLogInWithEmptyUserName()[pri:2, instance:LogInPageTest@3f56875e]" started-at="2025-08-01T12:18:57 IST" name="testLogInWithEmptyUserName" finished-at="2025-08-01T12:18:59 IST" duration-ms="2219" status="PASS">
          <reporter-output>
          </reporter-output>
        </test-method> <!-- testLogInWithEmptyUserName -->
        <test-method is-config="true" signature="tearDown()[pri:0, instance:LogInPageTest@3f56875e]" started-at="2025-08-01T12:18:59 IST" name="tearDown" finished-at="2025-08-01T12:19:01 IST" duration-ms="1683" status="PASS">
          <reporter-output>
          </reporter-output>
        </test-method> <!-- tearDown -->
        <test-method is-config="true" signature="setUp()[pri:0, instance:LogInPageTest@3f56875e]" started-at="2025-08-01T12:19:01 IST" name="setUp" finished-at="2025-08-01T12:19:04 IST" duration-ms="2775" status="PASS">
          <reporter-output>
          </reporter-output>
        </test-method> <!-- setUp -->
        <test-method signature="testLogInPageWithEmptyPassWord()[pri:3, instance:LogInPageTest@3f56875e]" started-at="2025-08-01T12:19:04 IST" name="testLogInPageWithEmptyPassWord" finished-at="2025-08-01T12:19:05 IST" duration-ms="970" status="PASS">
          <reporter-output>
          </reporter-output>
        </test-method> <!-- testLogInPageWithEmptyPassWord -->
        <test-method is-config="true" signature="tearDown()[pri:0, instance:LogInPageTest@3f56875e]" started-at="2025-08-01T12:19:05 IST" name="tearDown" finished-at="2025-08-01T12:19:05 IST" duration-ms="219" status="PASS">
          <reporter-output>
          </reporter-output>
        </test-method> <!-- tearDown -->
        <test-method is-config="true" signature="setUp()[pri:0, instance:LogInPageTest@3f56875e]" started-at="2025-08-01T12:19:05 IST" name="setUp" finished-at="2025-08-01T12:19:08 IST" duration-ms="2824" status="PASS">
          <reporter-output>
          </reporter-output>
        </test-method> <!-- setUp -->
        <test-method signature="testLogInPageWithInvalidCredentials()[pri:4, instance:LogInPageTest@3f56875e]" started-at="2025-08-01T12:19:08 IST" name="testLogInPageWithInvalidCredentials" finished-at="2025-08-01T12:19:09 IST" duration-ms="1001" status="PASS">
          <reporter-output>
          </reporter-output>
        </test-method> <!-- testLogInPageWithInvalidCredentials -->
        <test-method is-config="true" signature="tearDown()[pri:0, instance:LogInPageTest@3f56875e]" started-at="2025-08-01T12:19:09 IST" name="tearDown" finished-at="2025-08-01T12:19:09 IST" duration-ms="177" status="PASS">
          <reporter-output>
          </reporter-output>
        </test-method> <!-- tearDown -->
        <test-method is-config="true" signature="setUp()[pri:0, instance:LogInPageTest@3f56875e]" started-at="2025-08-01T12:19:09 IST" name="setUp" finished-at="2025-08-01T12:19:11 IST" duration-ms="2722" status="PASS">
          <reporter-output>
          </reporter-output>
        </test-method> <!-- setUp -->
        <test-method signature="testLogInPageWithValidCredentials()[pri:5, instance:LogInPageTest@3f56875e]" started-at="2025-08-01T12:19:11 IST" name="testLogInPageWithValidCredentials" finished-at="2025-08-01T12:19:13 IST" duration-ms="1121" status="PASS">
          <reporter-output>
          </reporter-output>
        </test-method> <!-- testLogInPageWithValidCredentials -->
        <test-method is-config="true" signature="tearDown()[pri:0, instance:LogInPageTest@3f56875e]" started-at="2025-08-01T12:19:13 IST" name="tearDown" finished-at="2025-08-01T12:19:13 IST" duration-ms="303" status="PASS">
          <reporter-output>
          </reporter-output>
        </test-method> <!-- tearDown -->
      </class> <!-- LogInPageTest -->
      <class name="PopularPageTest">
        <test-method is-config="true" signature="setUp()[pri:0, instance:PopularPageTest@6a6afff2]" started-at="2025-08-01T12:18:04 IST" name="setUp" finished-at="2025-08-01T12:18:27 IST" duration-ms="22685" status="PASS">
          <reporter-output>
          </reporter-output>
        </test-method> <!-- setUp -->
        <test-method signature="PopularPageUI()[pri:0, instance:PopularPageTest@6a6afff2]" started-at="2025-08-01T12:18:27 IST" name="PopularPageUI" finished-at="2025-08-01T12:18:27 IST" duration-ms="613" status="FAIL">
          <exception class="org.openqa.selenium.NoSuchElementException">
            <message>
              <![CDATA[no such element: Unable to locate element: {"method":"xpath","selector":"//a[text()='Popular']"}
  (Session info: chrome=138.0.7204.184)
For documentation on this error, please visit: https://selenium.dev/exceptions/#no_such_element
Build info: version: '4.9.1', revision: 'eb2032df7f'
System info: os.name: 'Windows 10', os.arch: 'amd64', os.version: '10.0', java.version: '11.0.2'
Driver info: org.openqa.selenium.chrome.ChromeDriver
Command: [bd220f2deb207a9c130e88a2913726ce, findElement {using=xpath, value=//a[text()='Popular']}]
Capabilities {acceptInsecureCerts: false, browserName: chrome, browserVersion: 138.0.7204.184, chrome: {chromedriverVersion: 138.0.7204.101 (a2159ad9ab8..., userDataDir: C:\Users\user\AppData\Local...}, fedcm:accounts: true, goog:chromeOptions: {debuggerAddress: localhost:50181}, networkConnectionEnabled: false, pageLoadStrategy: normal, platformName: windows, proxy: Proxy(), se:cdp: ws://localhost:50181/devtoo..., se:cdpVersion: 138.0.7204.184, setWindowRect: true, strictFileInteractability: false, timeouts: {implicit: 0, pageLoad: 300000, script: 30000}, unhandledPromptBehavior: dismiss and notify, webauthn:extension:credBlob: true, webauthn:extension:largeBlob: true, webauthn:extension:minPinLength: true, webauthn:extension:prf: true, webauthn:virtualAuthenticators: true}
Session ID: bd220f2deb207a9c130e88a2913726ce]]>
            </message>
            <full-stacktrace>
              <![CDATA[org.openqa.selenium.NoSuchElementException: no such element: Unable to locate element: {"method":"xpath","selector":"//a[text()='Popular']"}
  (Session info: chrome=138.0.7204.184)
For documentation on this error, please visit: https://selenium.dev/exceptions/#no_such_element
Build info: version: '4.9.1', revision: 'eb2032df7f'
System info: os.name: 'Windows 10', os.arch: 'amd64', os.version: '10.0', java.version: '11.0.2'
Driver info: org.openqa.selenium.chrome.ChromeDriver
Command: [bd220f2deb207a9c130e88a2913726ce, findElement {using=xpath, value=//a[text()='Popular']}]
Capabilities {acceptInsecureCerts: false, browserName: chrome, browserVersion: 138.0.7204.184, chrome: {chromedriverVersion: 138.0.7204.101 (a2159ad9ab8..., userDataDir: C:\Users\user\AppData\Local...}, fedcm:accounts: true, goog:chromeOptions: {debuggerAddress: localhost:50181}, networkConnectionEnabled: false, pageLoadStrategy: normal, platformName: windows, proxy: Proxy(), se:cdp: ws://localhost:50181/devtoo..., se:cdpVersion: 138.0.7204.184, setWindowRect: true, strictFileInteractability: false, timeouts: {implicit: 0, pageLoad: 300000, script: 30000}, unhandledPromptBehavior: dismiss and notify, webauthn:extension:credBlob: true, webauthn:extension:largeBlob: true, webauthn:extension:minPinLength: true, webauthn:extension:prf: true, webauthn:virtualAuthenticators: true}
Session ID: bd220f2deb207a9c130e88a2913726ce
at java.base/jdk.internal.reflect.NativeConstructorAccessorImpl.newInstance0(Native Method)
at java.base/jdk.internal.reflect.NativeConstructorAccessorImpl.newInstance(NativeConstructorAccessorImpl.java:62)
at java.base/jdk.internal.reflect.DelegatingConstructorAccessorImpl.newInstance(DelegatingConstructorAccessorImpl.java:45)
at java.base/java.lang.reflect.Constructor.newInstance(Constructor.java:490)
at org.openqa.selenium.remote.codec.w3c.W3CHttpResponseCodec.createException(W3CHttpResponseCodec.java:200)
at org.openqa.selenium.remote.codec.w3c.W3CHttpResponseCodec.decode(W3CHttpResponseCodec.java:133)
at org.openqa.selenium.remote.codec.w3c.W3CHttpResponseCodec.decode(W3CHttpResponseCodec.java:53)
at org.openqa.selenium.remote.HttpCommandExecutor.execute(HttpCommandExecutor.java:193)
at org.openqa.selenium.remote.service.DriverCommandExecutor.invokeExecute(DriverCommandExecutor.java:183)
at org.openqa.selenium.remote.service.DriverCommandExecutor.execute(DriverCommandExecutor.java:158)
at org.openqa.selenium.remote.RemoteWebDriver.execute(RemoteWebDriver.java:543)
at org.openqa.selenium.remote.ElementLocation$ElementFinder$2.findElement(ElementLocation.java:162)
at org.openqa.selenium.remote.ElementLocation.findElement(ElementLocation.java:60)
at org.openqa.selenium.remote.RemoteWebDriver.findElement(RemoteWebDriver.java:352)
at org.openqa.selenium.remote.RemoteWebDriver.findElement(RemoteWebDriver.java:344)
at pages.HomePage.clickPopular(HomePage.java:210)
at PopularPageTest.PopularPageUI(PopularPageTest.java:42)
at java.base/jdk.internal.reflect.NativeMethodAccessorImpl.invoke0(Native Method)
at java.base/jdk.internal.reflect.NativeMethodAccessorImpl.invoke(NativeMethodAccessorImpl.java:62)
at java.base/jdk.internal.reflect.DelegatingMethodAccessorImpl.invoke(DelegatingMethodAccessorImpl.java:43)
at java.base/java.lang.reflect.Method.invoke(Method.java:566)
at org.testng.internal.invokers.MethodInvocationHelper.invokeMethod(MethodInvocationHelper.java:139)
at org.testng.internal.invokers.TestInvoker.invokeMethod(TestInvoker.java:664)
at org.testng.internal.invokers.TestInvoker.invokeTestMethod(TestInvoker.java:227)
at org.testng.internal.invokers.MethodRunner.runInSequence(MethodRunner.java:50)
at org.testng.internal.invokers.TestInvoker$MethodInvocationAgent.invoke(TestInvoker.java:957)
at org.testng.internal.invokers.TestInvoker.invokeTestMethods(TestInvoker.java:200)
at org.testng.internal.invokers.TestMethodWorker.invokeTestMethods(TestMethodWorker.java:148)
at org.testng.internal.invokers.TestMethodWorker.run(TestMethodWorker.java:128)
at java.base/java.util.concurrent.ThreadPoolExecutor.runWorker(ThreadPoolExecutor.java:1128)
at java.base/java.util.concurrent.ThreadPoolExecutor$Worker.run(ThreadPoolExecutor.java:628)
at java.base/java.lang.Thread.run(Thread.java:834)
]]>
            </full-stacktrace>
          </exception> <!-- org.openqa.selenium.NoSuchElementException -->
          <reporter-output>
          </reporter-output>
        </test-method> <!-- PopularPageUI -->
        <test-method is-config="true" signature="teardown()[pri:0, instance:PopularPageTest@6a6afff2]" started-at="2025-08-01T12:18:29 IST" name="teardown" finished-at="2025-08-01T12:18:31 IST" duration-ms="2648" status="PASS">
          <reporter-output>
          </reporter-output>
        </test-method> <!-- teardown -->
      </class> <!-- PopularPageTest -->
      <class name="AccountPageTest">
        <test-method is-config="true" signature="setUp()[pri:0, instance:AccountPageTest@4da4253]" started-at="2025-08-01T12:18:04 IST" name="setUp" finished-at="2025-08-01T12:18:29 IST" duration-ms="25296" status="PASS">
          <reporter-output>
          </reporter-output>
        </test-method> <!-- setUp -->
        <test-method signature="TestAccountPageUiElements()[pri:1, instance:AccountPageTest@4da4253]" started-at="2025-08-01T12:18:29 IST" name="TestAccountPageUiElements" finished-at="2025-08-01T12:18:31 IST" duration-ms="1668" status="PASS">
          <reporter-output>
          </reporter-output>
        </test-method> <!-- TestAccountPageUiElements -->
        <test-method is-config="true" signature="tearDown()[pri:0, instance:AccountPageTest@4da4253]" started-at="2025-08-01T12:18:31 IST" name="tearDown" finished-at="2025-08-01T12:18:34 IST" duration-ms="3271" status="PASS">
          <reporter-output>
          </reporter-output>
        </test-method> <!-- tearDown -->
        <test-method is-config="true" signature="setUp()[pri:0, instance:AccountPageTest@4da4253]" started-at="2025-08-01T12:18:34 IST" name="setUp" finished-at="2025-08-01T12:18:47 IST" duration-ms="12874" status="PASS">
          <reporter-output>
          </reporter-output>
        </test-method> <!-- setUp -->
        <test-method signature="LogOutFunctionality()[pri:2, instance:AccountPageTest@4da4253]" started-at="2025-08-01T12:18:47 IST" name="LogOutFunctionality" finished-at="2025-08-01T12:18:48 IST" duration-ms="738" status="PASS">
          <reporter-output>
          </reporter-output>
        </test-method> <!-- LogOutFunctionality -->
        <test-method is-config="true" signature="tearDown()[pri:0, instance:AccountPageTest@4da4253]" started-at="2025-08-01T12:18:48 IST" name="tearDown" finished-at="2025-08-01T12:18:50 IST" duration-ms="1662" status="PASS">
          <reporter-output>
          </reporter-output>
        </test-method> <!-- tearDown -->
      </class> <!-- AccountPageTest -->
      <class name="HomePageTest">
        <test-method is-config="true" signature="setUp()[pri:0, instance:HomePageTest@482bce4f]" started-at="2025-08-01T12:18:04 IST" name="setUp" finished-at="2025-08-01T12:18:29 IST" duration-ms="24775" status="PASS">
          <reporter-output>
          </reporter-output>
        </test-method> <!-- setUp -->
        <test-method signature="testContactUsDisplayed()[pri:0, instance:HomePageTest@482bce4f]" started-at="2025-08-01T12:18:29 IST" name="testContactUsDisplayed" finished-at="2025-08-01T12:18:29 IST" duration-ms="568" status="PASS">
          <reporter-output>
          </reporter-output>
        </test-method> <!-- testContactUsDisplayed -->
        <test-method is-config="true" signature="tearDown()[pri:0, instance:HomePageTest@482bce4f]" started-at="2025-08-01T12:18:29 IST" name="tearDown" finished-at="2025-08-01T12:18:34 IST" duration-ms="4582" status="PASS">
          <reporter-output>
          </reporter-output>
        </test-method> <!-- tearDown -->
        <test-method is-config="true" signature="setUp()[pri:0, instance:HomePageTest@482bce4f]" started-at="2025-08-01T12:18:34 IST" name="setUp" finished-at="2025-08-01T12:18:45 IST" duration-ms="10964" status="PASS">
          <reporter-output>
          </reporter-output>
        </test-method> <!-- setUp -->
        <test-method signature="testTrendingAndOriginalMoviesDisplayed()[pri:0, instance:HomePageTest@482bce4f]" started-at="2025-08-01T12:18:45 IST" name="testTrendingAndOriginalMoviesDisplayed" finished-at="2025-08-01T12:18:46 IST" duration-ms="1410" status="PASS">
          <reporter-output>
          </reporter-output>
        </test-method> <!-- testTrendingAndOriginalMoviesDisplayed -->
        <test-method is-config="true" signature="tearDown()[pri:0, instance:HomePageTest@482bce4f]" started-at="2025-08-01T12:18:46 IST" name="tearDown" finished-at="2025-08-01T12:18:51 IST" duration-ms="4261" status="PASS">
          <reporter-output>
          </reporter-output>
        </test-method> <!-- tearDown -->
        <test-method is-config="true" signature="setUp()[pri:0, instance:HomePageTest@482bce4f]" started-at="2025-08-01T12:18:51 IST" name="setUp" finished-at="2025-08-01T12:18:58 IST" duration-ms="7846" status="PASS">
          <reporter-output>
          </reporter-output>
        </test-method> <!-- setUp -->
        <test-method signature="TestHomePageHeading()[pri:1, instance:HomePageTest@482bce4f]" started-at="2025-08-01T12:18:58 IST" name="TestHomePageHeading" finished-at="2025-08-01T12:18:59 IST" duration-ms="817" status="PASS">
          <reporter-output>
          </reporter-output>
        </test-method> <!-- TestHomePageHeading -->
        <test-method is-config="true" signature="tearDown()[pri:0, instance:HomePageTest@482bce4f]" started-at="2025-08-01T12:18:59 IST" name="tearDown" finished-at="2025-08-01T12:19:01 IST" duration-ms="1598" status="PASS">
          <reporter-output>
          </reporter-output>
        </test-method> <!-- tearDown -->
      </class> <!-- HomePageTest -->
      <class name="HeaderSection">
        <test-method is-config="true" signature="setUp()[pri:0, instance:HeaderSection@366647c2]" started-at="2025-08-01T12:18:04 IST" name="setUp" finished-at="2025-08-01T12:18:25 IST" duration-ms="20749" status="PASS">
          <reporter-output>
          </reporter-output>
        </test-method> <!-- setUp -->
        <test-method signature="HeaderSectionUI()[pri:1, instance:HeaderSection@366647c2]" started-at="2025-08-01T12:18:25 IST" name="HeaderSectionUI" finished-at="2025-08-01T12:18:25 IST" duration-ms="633" status="PASS">
          <reporter-output>
          </reporter-output>
        </test-method> <!-- HeaderSectionUI -->
        <test-method is-config="true" signature="tearDown()[pri:0, instance:HeaderSection@366647c2]" started-at="2025-08-01T12:18:25 IST" name="tearDown" finished-at="2025-08-01T12:18:32 IST" duration-ms="6735" status="PASS">
          <reporter-output>
          </reporter-output>
        </test-method> <!-- tearDown -->
        <test-method is-config="true" signature="setUp()[pri:0, instance:HeaderSection@366647c2]" started-at="2025-08-01T12:18:32 IST" name="setUp" finished-at="2025-08-01T12:18:45 IST" duration-ms="12742" status="PASS">
          <reporter-output>
          </reporter-output>
        </test-method> <!-- setUp -->
        <test-method signature="HeaderSectionFunctionalities()[pri:2, instance:HeaderSection@366647c2]" started-at="2025-08-01T12:18:45 IST" name="HeaderSectionFunctionalities" finished-at="2025-08-01T12:18:49 IST" duration-ms="3854" status="PASS">
          <reporter-output>
          </reporter-output>
        </test-method> <!-- HeaderSectionFunctionalities -->
        <test-method is-config="true" signature="tearDown()[pri:0, instance:HeaderSection@366647c2]" started-at="2025-08-01T12:18:49 IST" name="tearDown" finished-at="2025-08-01T12:18:51 IST" duration-ms="1914" status="PASS">
          <reporter-output>
          </reporter-output>
        </test-method> <!-- tearDown -->
      </class> <!-- HeaderSection -->
    </test> <!-- LoginAndHomePageTest -->
  </suite> <!-- MovieAppTestSuite -->
</testng-results>
